\BOOKMARK [0][]{section*.2}{摘 要}{}% 1
\BOOKMARK [0][]{section*.6}{ABSTRACT}{}% 2
\BOOKMARK [0][]{mulu.0}{目    录}{}% 3
\BOOKMARK [0][]{section*.10}{1 绪论}{}% 4
\BOOKMARK [1][]{section*.12}{1.1 模板的使用方法介绍}{section*.10}% 5
\BOOKMARK [1][]{section*.14}{1.2 哈尔滨工业大学 LaTeX 技术交流 QQ 群介绍}{section*.10}% 6
\BOOKMARK [0][]{section*.16}{2 图片的插入方法}{}% 7
\BOOKMARK [1][]{section*.18}{2.1 研究生院的插图规范}{section*.16}% 8
\BOOKMARK [2][]{section*.20}{2.1.1 图题及图中说明}{section*.18}% 9
\BOOKMARK [2][]{section*.22}{2.1.2 插图编排}{section*.18}% 10
\BOOKMARK [1][]{section*.24}{2.2 LaTeX 中推荐使用的图片格式}{section*.16}% 11
\BOOKMARK [1][]{section*.26}{2.3 单张图片的插入方法}{section*.16}% 12
\BOOKMARK [1][]{section*.31}{2.4 具有子图的图片插入方法}{section*.16}% 13
\BOOKMARK [0][]{section*.38}{3 表格的绘制方法}{}% 14
\BOOKMARK [1][]{section*.40}{3.1 研究生院的绘表规范}{section*.38}% 15
\BOOKMARK [1][]{section*.42}{3.2 普通表格的绘制方法}{section*.38}% 16
\BOOKMARK [1][]{section*.45}{3.3 长表格的绘制方法}{section*.38}% 17
\BOOKMARK [1][]{section*.49}{3.4 列宽可调表格的绘制方法}{section*.38}% 18
\BOOKMARK [2][]{section*.51}{3.4.1 表格内某单元格内容过长的情况}{section*.49}% 19
\BOOKMARK [2][]{section*.54}{3.4.2 对物理量符号进行注释的情况}{section*.49}% 20
\BOOKMARK [0][]{section*.56}{4 数学公式的输入方法}{}% 21
\BOOKMARK [1][]{section*.58}{4.1 研究生院的公式规范}{section*.56}% 22
\BOOKMARK [1][]{section*.60}{4.2 生成 LaTeX 数学公式的两种方法}{section*.56}% 23
\BOOKMARK [2][]{section*.62}{4.2.1 基于 MathType 软件的数学公式生成方法}{section*.60}% 24
\BOOKMARK [2][]{section*.64}{4.2.2 基于 MATLAB 软件的数学公式生成方法}{section*.60}% 25
\BOOKMARK [1][]{section*.66}{4.3 数学字体}{section*.56}% 26
\BOOKMARK [1][]{section*.69}{4.4 行内公式}{section*.56}% 27
\BOOKMARK [1][]{section*.78}{4.5 行间公式}{section*.56}% 28
\BOOKMARK [1][]{section*.81}{4.6 可自动调整大小的定界符}{section*.56}% 29
\BOOKMARK [1][]{section*.83}{4.7 数学重音符号}{section*.56}% 30
\BOOKMARK [0][]{section*.85}{5 模板的其它说明}{}% 31
\BOOKMARK [1][]{section*.87}{5.1 中英文封面的相关信息}{section*.85}% 32
\BOOKMARK [1][]{section*.89}{5.2 BibTeX 文献文件的写法}{section*.85}% 33
\BOOKMARK [1][]{section*.91}{5.3 参考文献的引用}{section*.85}% 34
\BOOKMARK [1][]{section*.93}{5.4 单层罗列环境}{section*.85}% 35
\BOOKMARK [1][]{section*.96}{5.5 算法}{section*.85}% 36
\BOOKMARK [1][]{section*.102}{5.6 定理定义}{section*.85}% 37
\BOOKMARK [0][]{section*.105}{结 论}{}% 38
\BOOKMARK [0][]{section*.108}{参考文献}{}% 39
\BOOKMARK [0][]{section*.112}{A 带章节的附录}{}% 40
\BOOKMARK [1][]{section*.114}{A.1 附录节的内容}{section*.112}% 41
\BOOKMARK [0][]{section*.118}{攻读硕士学位期间发表的论文及其他成果}{}% 42
\BOOKMARK [0][]{section*.122}{哈尔滨工业大学学位论文原创性声明及使用授权说明}{}% 43
\BOOKMARK [0][]{section*.126}{致 谢}{}% 44
